<?xml version="1.0" encoding="UTF-8"?>
<!-- Generated by org.testng.reporters.JUnitReportReporter -->
<testsuite hostname="LAPTOP-3NHEPO61" failures="0" tests="2" name="testngday3.group_use" time="0.010" errors="0" timestamp="2025-08-20T15:04:35 IST" skipped="0">
  <testcase classname="testngday3.group_use" name="testLogin" time="0.001"/>
  <testcase classname="testngday3.group_use" name="testAddToCart" time="0.009"/>
</testsuite> <!-- testngday3.group_use -->
