<?xml version="1.0" encoding="UTF-8"?>
<!-- Generated by org.testng.reporters.JUnitReportReporter -->
<testsuite hostname="LAPTOP-3NHEPO61" failures="0" tests="1" name="projectmavenday2.GoogleTest" time="2.842" errors="0" timestamp="2025-08-20T12:10:54 IST" skipped="0">
  <testcase classname="projectmavenday2.GoogleTest" name="testgoogleTitile" time="2.842"/>
</testsuite> <!-- projectmavenday2.GoogleTest -->
