<?xml version="1.0" encoding="UTF-8"?>
<!-- Generated by org.testng.reporters.JUnitReportReporter -->
<testsuite hostname="LAPTOP-3NHEPO61" failures="0" tests="1" name="projectmavenday2.Amazon_testng" time="41.207" errors="0" timestamp="2025-08-19T14:56:47 IST" skipped="0">
  <testcase classname="projectmavenday2.Amazon_testng" name="Login" time="41.207"/>
</testsuite> <!-- projectmavenday2.Amazon_testng -->
